<?xml version="1.0" encoding="UTF-8"?>
<!-- Generated by org.testng.reporters.JUnitReportReporter -->
<testsuite hostname="NB205" failures="0" tests="1" name="tests.DemoTest" time="3.554" errors="0" timestamp="2021-02-04T17:27:50 CET" skipped="0">
  <testcase classname="tests.DemoTest" name="demoTest" time="3.554"/>
  <system-out/>
</testsuite> <!-- tests.DemoTest -->
